<?xml version="1.0" encoding="UTF-8"?>
<testsuite xmlns:xsi="http://www.w3.org/2001/XMLSchema-instance" xsi:noNamespaceSchemaLocation="https://maven.apache.org/surefire/maven-surefire-plugin/xsd/surefire-test-report.xsd" name="com.endava.app.RestfulbookerFirstTests" time="1.602" tests="3" errors="0" skipped="0" failures="0">
  <properties>
[...]
</properties>
  <testcase name="restfulBookerGetBookingById" classname="com.endava.app.RestfulbookerFirstTests" time="0.558"/>
  <testcase name="restfulBookerFirstTest" classname="com.endava.app.RestfulbookerFirstTests" time="0.527"/>
  <testcase name="restfulBookerGetBookingByIdRefactored" classname="com.endava.app.RestfulbookerFirstTests" time="0.514"/>
</testsuite>